<?xml version="1.0" encoding="UTF-8"?>
<!-- Generated by org.testng.reporters.JUnitXMLReporter -->
<testsuite ignored="0" hostname="Mehuls-MacBook-Air.local" failures="0" tests="17" name="Surefire test" time="8.748" errors="0" timestamp="30 Aug 2021 14:31:09 GMT">
  <testcase classname="com.spotify.oauth2.tests.PlaylistDirectTests" name="updateAPlaylist" time="6.891"/>
  <testcase classname="com.spotify.oauth2.tests.PlaylistViaGenericMethodsTests" name="updateAPlaylist" time="6.71"/>
  <testcase classname="com.spotify.oauth2.tests.PlaylistViaPojoAndBuilderPatternAndSeperateSpecBuilderClassTests" name="shouldNotBeAbleToCreatePlaylist" time="7.518"/>
  <testcase classname="com.spotify.oauth2.tests.PlaylistViaGenericMethodsTests" name="shouldNotBeAbleToCreatePlaylist" time="7.046"/>
  <testcase classname="com.spotify.oauth2.tests.PlaylistViaPojoAndBuilderPatternAndSeperateSpecBuilderClassTests" name="shouldBeAbleToCreatePlaylist" time="7.574"/>
  <testcase classname="com.spotify.oauth2.tests.PlaylistViaGenericMethodsTests" name="getAPlaylists" time="7.102"/>
  <testcase classname="com.spotify.oauth2.tests.PlaylistViaGenericMethodsTests" name="shouldBeAbleToCreatePlaylist" time="7.108"/>
  <testcase classname="com.spotify.oauth2.tests.PlaylistDirectTests" name="shouldNotBeAbleToCreatePlaylist" time="8.256"/>
  <testcase classname="com.spotify.oauth2.tests.PlaylistViaPojoAndBuilderPatternTests" name="updateAPlaylist" time="0.851"/>
  <testcase classname="com.spotify.oauth2.tests.PlaylistViaPojoAndBuilderPatternTests" name="shouldNotBeAbleToCreatePlaylist" time="0.858"/>
  <testcase classname="com.spotify.oauth2.tests.PlaylistDirectTests" name="shouldBeAbleToCreatePlaylist" time="8.414"/>
  <testcase classname="com.spotify.oauth2.tests.PlaylistDirectTests" name="getAPlaylists" time="8.413"/>
  <testcase classname="com.spotify.oauth2.tests.PlaylistViaPojoAndBuilderPatternAndSeperateSpecBuilderClassTests" name="updateAPlaylist" time="1.253"/>
  <testcase classname="com.spotify.oauth2.tests.PlaylistViaPojoTests" name="shouldNotBeAbleToCreatePlaylist" time="0.925"/>
  <testcase classname="com.spotify.oauth2.tests.PlaylistViaPojoAndBuilderPatternTests" name="shouldBeAbleToCreatePlaylist" time="1.181"/>
  <testcase classname="com.spotify.oauth2.tests.PlaylistViaPojoTests" name="updateAPlaylist" time="0.951"/>
  <testcase classname="com.spotify.oauth2.tests.PlaylistViaPojoTests" name="shouldBeAbleToCreatePlaylist" time="1.09"/>
</testsuite> <!-- Surefire test -->
