<?xml version="1.0" encoding="UTF-8"?>
<!-- Generated by org.testng.reporters.JUnitXMLReporter -->
<testsuite ignored="0" hostname="Mehuls-MacBook-Air.local" failures="0" tests="7" name="Surefire test" time="7.706" errors="0" timestamp="29 Aug 2021 18:15:43 GMT">
  <testcase classname="com.spotify.oauth2.tests.PlaylistViaPojoTests" name="shouldNotBeAbleToCreatePlaylist" time="7.091"/>
  <testcase classname="com.spotify.oauth2.tests.PlaylistViaGenericMethodsTests" name="shouldNotBeAbleToCreatePlaylist" time="7.096"/>
  <testcase classname="com.spotify.oauth2.tests.PlaylistViaGenericMethodsTests" name="getAPlaylists" time="7.208"/>
  <testcase classname="com.spotify.oauth2.tests.PlaylistViaPojoTests" name="shouldBeAbleToCreatePlaylist" time="7.231"/>
  <testcase classname="com.spotify.oauth2.tests.PlaylistViaGenericMethodsTests" name="updateAPlaylist" time="7.254"/>
  <testcase classname="com.spotify.oauth2.tests.PlaylistViaGenericMethodsTests" name="shouldBeAbleToCreatePlaylist" time="7.317"/>
  <testcase classname="com.spotify.oauth2.tests.PlaylistViaPojoTests" name="updateAPlaylist" time="7.363"/>
</testsuite> <!-- Surefire test -->
