<?xml version="1.0" encoding="UTF-8"?>
<!-- Generated by org.testng.reporters.JUnitXMLReporter -->
<testsuite hostname="Mehuls-MacBook-Air.local" ignored="0" name="Default test" tests="4" failures="0" timestamp="30 Aug 2021 10:25:18 GMT" time="35.91" errors="0">
  <testcase name="getAPlaylists" time="17.851" classname="com.spotify.oauth2.tests.PlaylistViaGenericMethodsTests"/>
  <testcase name="shouldBeAbleToCreatePlaylist" time="6.101" classname="com.spotify.oauth2.tests.PlaylistViaGenericMethodsTests"/>
  <testcase name="shouldNotBeAbleToCreatePlaylist" time="5.8" classname="com.spotify.oauth2.tests.PlaylistViaGenericMethodsTests"/>
  <testcase name="updateAPlaylist" time="5.73" classname="com.spotify.oauth2.tests.PlaylistViaGenericMethodsTests"/>
</testsuite> <!-- Default test -->
