<?xml version="1.0" encoding="UTF-8"?>
<!-- Generated by org.testng.reporters.JUnitXMLReporter -->
<testsuite hostname="Mehuls-MacBook-Air.local" ignored="0" name="Default test" tests="3" failures="0" timestamp="30 Aug 2021 14:27:25 GMT" time="29.572" errors="0">
  <testcase name="shouldBeAbleToCreatePlaylist" time="17.8" classname="com.spotify.oauth2.tests.PlaylistViaPojoAndBuilderPatternAndSeperateSpecBuilderClassTests"/>
  <testcase name="shouldNotBeAbleToCreatePlaylist" time="5.756" classname="com.spotify.oauth2.tests.PlaylistViaPojoAndBuilderPatternAndSeperateSpecBuilderClassTests"/>
  <testcase name="updateAPlaylist" time="5.894" classname="com.spotify.oauth2.tests.PlaylistViaPojoAndBuilderPatternAndSeperateSpecBuilderClassTests"/>
</testsuite> <!-- Default test -->
