<?xml version="1.0" encoding="UTF-8"?>
<testsuite xmlns:xsi="http://www.w3.org/2001/XMLSchema-instance" xsi:noNamespaceSchemaLocation="https://maven.apache.org/surefire/maven-surefire-plugin/xsd/surefire-test-report-3.0.xsd" version="3.0" name="TestSuite" time="16.554" tests="17" errors="0" skipped="0" failures="0">
  <properties>
[...]
</properties>
  <testcase name="updateAPlaylist" classname="com.spotify.oauth2.tests.PlaylistDirectTests" time="6.552">
    <system-out><![CDATA[Renewing the token...
Request method:	POST
Request URI:	https://accounts.spotify.com/api/token
Proxy:			<none>
Request params:	<none>
Query params:	<none>
Form params:	refresh_token=AQAhJHsgFdtmWt5FLshuH0KlFIvQVNaXUZzg95NW6hZ2v4LEbS0wC9t976wzPSwx1EZ-GlOOeRayxGKaVYVcCaXsDagPfhYFdF3rlORU2mMtE946akwmOTwduPeIomSewf4
				grant_type=refresh_token
				client_secret=ce7a8db97f1f482b8d9413b49944f0e5
				client_id=3b3a26a5f3564412a0b77a730bac5a6e
Path params:	<none>
Headers:		Accept=*/*
				Content-Type=application/x-www-form-urlencoded; charset=ISO-8859-1
Cookies:		<none>
Multiparts:		<none>
Body:			<none>
HTTP/1.1 200 OK
date: Mon, 30 Aug 2021 14:30:59 GMT
content-type: application/json
vary: Accept-Encoding
set-cookie: __Host-device_id=AQC86eCgtEmuqgWGJDznxCRM8jzaerSJhdHjX9AKAeyLVhs3TWbpnkoMmaZjRh46Pd1kjvCqX27DlmvYGXMr6nHtBg7a4CmU5Ng;Version=1;Path=/;Max-Age=2147483647;Secure;HttpOnly;SameSite=Lax
set-cookie: sp_tr=false;Version=1;Domain=accounts.spotify.com;Path=/;Secure;SameSite=Lax
sp-trace-id: b02ece8a16792676
content-encoding: gzip
strict-transport-security: max-age=31536000
x-content-type-options: nosniff
server: envoy
Via: HTTP/2 edgeproxy, 1.1 google
Alt-Svc: clear
Transfer-Encoding: chunked

{
    "access_token": "BQCcDSEZh8sUCgU8fRpxezDl6xEGHsZSgOsUewMdxwAzGWNZ2l00LzT9thgxN_aRVBavphohFQhf7rSyEhJqF9n0v_XzrRc_-WDHQjqV53NlYeh4kU9bPNXqMIwYr0doxvNwElzhdQbranAdaYndAnFMUtmU1UfeJmkQJS-OYazPX8_foA0eshSxufsooom_PmuraSgySEmYI0lTA7tibtH8_kFsgmc7sx55fFBq5Q_0",
    "token_type": "Bearer",
    "expires_in": 3600,
    "scope": "playlist-read-private playlist-read-collaborative playlist-modify-private playlist-modify-public"
}
Token is good to use
Token is good to use
Starting TestgetAPlaylists
Starting TestupdateAPlaylist
Thread Id24
Thread Id21
Starting TestshouldNotBeAbleToCreatePlaylist
Thread Id23
Starting TestshouldBeAbleToCreatePlaylist
Thread Id22
Token is good to use
Token is good to use
Request method:	GET
Request URI:	https://api.spotify.com/v1/playlists/5aFRcvxTgyE4o00lFN4Gdi
Proxy:			<none>
Request params:	<none>
Query params:	<none>
Form params:	<none>
Path params:	<none>
Headers:		Authorization=Bearer BQCcDSEZh8sUCgU8fRpxezDl6xEGHsZSgOsUewMdxwAzGWNZ2l00LzT9thgxN_aRVBavphohFQhf7rSyEhJqF9n0v_XzrRc_-WDHQjqV53NlYeh4kU9bPNXqMIwYr0doxvNwElzhdQbranAdaYndAnFMUtmU1UfeJmkQJS-OYazPX8_foA0eshSxufsooom_PmuraSgySEmYI0lTA7tibtH8_kFsgmc7sx55fFBq5Q_0
				Accept=*/*
				Content-Type=application/json; charset=UTF-8
Cookies:		<none>
Multiparts:		<none>
Body:			<none>
Request method:	PUT
Request URI:	https://api.spotify.com/v1/playlists/2s7W6T7VNiUXgGITldoian
Proxy:			<none>
Request params:	<none>
Query params:	<none>
Form params:	<none>
Path params:	<none>
Headers:		Authorization=Bearer BQCcDSEZh8sUCgU8fRpxezDl6xEGHsZSgOsUewMdxwAzGWNZ2l00LzT9thgxN_aRVBavphohFQhf7rSyEhJqF9n0v_XzrRc_-WDHQjqV53NlYeh4kU9bPNXqMIwYr0doxvNwElzhdQbranAdaYndAnFMUtmU1UfeJmkQJS-OYazPX8_foA0eshSxufsooom_PmuraSgySEmYI0lTA7tibtH8_kFsgmc7sx55fFBq5Q_0
				Accept=*/*
				Content-Type=application/json; charset=UTF-8
Cookies:		<none>
Multiparts:		<none>
Body:
{
    "name": "Mehul Automation Playlist Updated",
    "description": "New playlist description updated",
    "public": false
}
Request method:	POST
Request URI:	https://api.spotify.com/v1/users/h6iftu560uhm7y85jis3kd9nn/playlists
Proxy:			<none>
Request params:	<none>
Query params:	<none>
Form params:	<none>
Path params:	<none>
Headers:		Authorization=Bearer BQCcDSEZh8sUCgU8fRpxezDl6xEGHsZSgOsUewMdxwAzGWNZ2l00LzT9thgxN_aRVBavphohFQhf7rSyEhJqF9n0v_XzrRc_-WDHQjqV53NlYeh4kU9bPNXqMIwYr0doxvNwElzhdQbranAdaYndAnFMUtmU1UfeJmkQJS-OYazPX8_foA0eshSxufsooom_PmuraSgySEmYI0lTA7tibtH8_kFsgmc7sx55fFBq5Q_0
				Accept=*/*
				Content-Type=application/json; charset=UTF-8
Cookies:		<none>
Multiparts:		<none>
Body:
{
    "name": "",
    "description": "New playlist description",
    "public": false
}
Request method:	POST
Request URI:	https://api.spotify.com/v1/users/h6iftu560uhm7y85jis3kd9nn/playlists
Proxy:			<none>
Request params:	<none>
Query params:	<none>
Form params:	<none>
Path params:	<none>
Headers:		Authorization=Bearer BQCcDSEZh8sUCgU8fRpxezDl6xEGHsZSgOsUewMdxwAzGWNZ2l00LzT9thgxN_aRVBavphohFQhf7rSyEhJqF9n0v_XzrRc_-WDHQjqV53NlYeh4kU9bPNXqMIwYr0doxvNwElzhdQbranAdaYndAnFMUtmU1UfeJmkQJS-OYazPX8_foA0eshSxufsooom_PmuraSgySEmYI0lTA7tibtH8_kFsgmc7sx55fFBq5Q_0
				Accept=*/*
				Content-Type=application/json; charset=UTF-8
Cookies:		<none>
Multiparts:		<none>
Body:
{
    "name": "Mehul Automation Playlist",
    "description": "New playlist description",
    "public": false
}
Token is good to use
Request method:	GET
Request URI:	https://api.spotify.com/v1/playlists/5aFRcvxTgyE4o00lFN4Gdi
Proxy:			<none>
Request params:	<none>
Query params:	<none>
Form params:	<none>
Path params:	<none>
Headers:		Accept=*/*
				Content-Type=application/json; charset=UTF-8
Cookies:		<none>
Multiparts:		<none>
Body:			<none>
Token is good to use
Token is good to use
Token is good to use
Request method:	PUT
Request URI:	https://api.spotify.com/v1/playlists/2s7W6T7VNiUXgGITldoian
Proxy:			<none>
Request params:	<none>
Query params:	<none>
Form params:	<none>
Path params:	<none>
Headers:		Accept=*/*
				Content-Type=application/json; charset=UTF-8
Cookies:		<none>
Multiparts:		<none>
Body:
{
    "description": "Desc.-,T227,,,__hS x f,w-",
    "name": "Playlist3 2 -,A_,,",
    "public": false
}
Request method:	POST
Request URI:	https://api.spotify.com/v1/users/h6iftu560uhm7y85jis3kd9nn/playlists
Proxy:			<none>
Request params:	<none>
Query params:	<none>
Form params:	<none>
Path params:	<none>
Headers:		Authorization=Bearer BQCcDSEZh8sUCgU8fRpxezDl6xEGHsZSgOsUewMdxwAzGWNZ2l00LzT9thgxN_aRVBavphohFQhf7rSyEhJqF9n0v_XzrRc_-WDHQjqV53NlYeh4kU9bPNXqMIwYr0doxvNwElzhdQbranAdaYndAnFMUtmU1UfeJmkQJS-OYazPX8_foA0eshSxufsooom_PmuraSgySEmYI0lTA7tibtH8_kFsgmc7sx55fFBq5Q_0
				Accept=*/*
				Content-Type=application/json; charset=UTF-8
Cookies:		<none>
Multiparts:		<none>
Body:
{
    "description": "Desc.Update Via Pojo",
    "name": "",
    "public": false
}
Request method:	POST
Request URI:	https://api.spotify.com/v1/users/h6iftu560uhm7y85jis3kd9nn/playlists
Proxy:			<none>
Request params:	<none>
Query params:	<none>
Form params:	<none>
Path params:	<none>
Headers:		Accept=*/*
				Content-Type=application/json; charset=UTF-8
Cookies:		<none>
Multiparts:		<none>
Body:
{
    "description": "Desc. O__-_K5s3S7xo__-- ,",
    "name": "",
    "public": false
}
Request method:	POST
Request URI:	https://api.spotify.com/v1/users/h6iftu560uhm7y85jis3kd9nn/playlists
Proxy:			<none>
Request params:	<none>
Query params:	<none>
Form params:	<none>
Path params:	<none>
Headers:		Authorization=Bearer BQCcDSEZh8sUCgU8fRpxezDl6xEGHsZSgOsUewMdxwAzGWNZ2l00LzT9thgxN_aRVBavphohFQhf7rSyEhJqF9n0v_XzrRc_-WDHQjqV53NlYeh4kU9bPNXqMIwYr0doxvNwElzhdQbranAdaYndAnFMUtmU1UfeJmkQJS-OYazPX8_foA0eshSxufsooom_PmuraSgySEmYI0lTA7tibtH8_kFsgmc7sx55fFBq5Q_0
				Accept=*/*
				Content-Type=application/json; charset=UTF-8
Cookies:		<none>
Multiparts:		<none>
Body:
{
    "description": "Desc. Via Bulider",
    "name": "Creating Playlist Via Pojo Builder",
    "public": false
}
Request method:	POST
Request URI:	https://api.spotify.com/v1/users/h6iftu560uhm7y85jis3kd9nn/playlists
Proxy:			<none>
Request params:	<none>
Query params:	<none>
Form params:	<none>
Path params:	<none>
Headers:		Accept=*/*
				Content-Type=application/json; charset=UTF-8
Cookies:		<none>
Multiparts:		<none>
Body:
{
    "description": "Desc. D3Qf_iv,9 n  c - 25",
    "name": "Playlist_-Cf_44-f_",
    "public": false
}
HTTP/1.1 400 Bad Request
content-type: application/json; charset=utf-8
cache-control: private, max-age=0
x-robots-tag: noindex, nofollow
access-control-allow-origin: *
access-control-allow-headers: Accept, App-Platform, Authorization, Content-Type, Origin, Retry-After, Spotify-App-Version, X-Cloud-Trace-Context, client-token, content-access-token
access-control-allow-methods: GET, POST, OPTIONS, PUT, DELETE, PATCH
access-control-allow-credentials: true
access-control-max-age: 604800
content-encoding: gzip
strict-transport-security: max-age=31536000
x-content-type-options: nosniff
date: Mon, 30 Aug 2021 14:31:06 GMT
server: envoy
Via: HTTP/2 edgeproxy, 1.1 google
Alt-Svc: clear
Transfer-Encoding: chunked

{
    "error": {
        "status": 400,
        "message": "Missing required field: name"
    }
}
HTTP/1.1 200 OK
content-type: application/json; charset=utf-8
cache-control: public, max-age=0
etag: "MC-IjJhMjNjMjg4ZjgwZmU5NjI2ZTQwYWRmNTVkZTU1NzkzIg=="
x-robots-tag: noindex, nofollow
access-control-allow-origin: *
access-control-allow-headers: Accept, App-Platform, Authorization, Content-Type, Origin, Retry-After, Spotify-App-Version, X-Cloud-Trace-Context, client-token, content-access-token
access-control-allow-methods: GET, POST, OPTIONS, PUT, DELETE, PATCH
access-control-allow-credentials: true
access-control-max-age: 604800
content-encoding: gzip
strict-transport-security: max-age=31536000
x-content-type-options: nosniff
date: Mon, 30 Aug 2021 14:31:07 GMT
server: envoy
Via: HTTP/2 edgeproxy, 1.1 google
Alt-Svc: clear
Transfer-Encoding: chunked

{
    "collaborative": false,
    "description": "Updated playlist description",
    "external_urls": {
        "spotify": "https://open.spotify.com/playlist/5aFRcvxTgyE4o00lFN4Gdi"
    },
    "followers": {
        "href": null,
        "total": 0
    },
    "href": "https://api.spotify.com/v1/playlists/5aFRcvxTgyE4o00lFN4Gdi",
    "id": "5aFRcvxTgyE4o00lFN4Gdi",
    "images": [
        
    ],
    "name": "Updated Playlist Name",
    "owner": {
        "display_name": "Mehul Jain",
        "external_urls": {
            "spotify": "https://open.spotify.com/user/h6iftu560uhm7y85jis3kd9nn"
        },
        "href": "https://api.spotify.com/v1/users/h6iftu560uhm7y85jis3kd9nn",
        "id": "h6iftu560uhm7y85jis3kd9nn",
        "type": "user",
        "uri": "spotify:user:h6iftu560uhm7y85jis3kd9nn"
    },
    "primary_color": null,
    "public": false,
    "snapshot_id": "NSxhNGI4MzUzNjYyY2I2NmUzNTYwMDM1Y2JmNTNlNGI2Y2MyODhiM2Rl",
    "tracks": {
        "href": "https://api.spotify.com/v1/playlists/5aFRcvxTgyE4o00lFN4Gdi/tracks?offset=0&limit=100",
        "items": [
            
        ],
        "limit": 100,
        "next": null,
        "offset": 0,
        "previous": null,
        "total": 0
    },
    "type": "playlist",
    "uri": "spotify:playlist:5aFRcvxTgyE4o00lFN4Gdi"
}
HTTP/1.1 201 Created
content-type: application/json; charset=utf-8
cache-control: private, max-age=0
location: https://api.spotify.com/v1/playlists/6x2HzeHMDaoNb76C7J3jFe
x-robots-tag: noindex, nofollow
access-control-allow-origin: *
access-control-allow-headers: Accept, App-Platform, Authorization, Content-Type, Origin, Retry-After, Spotify-App-Version, X-Cloud-Trace-Context, client-token, content-access-token
access-control-allow-methods: GET, POST, OPTIONS, PUT, DELETE, PATCH
access-control-allow-credentials: true
access-control-max-age: 604800
content-encoding: gzip
strict-transport-security: max-age=31536000
x-content-type-options: nosniff
date: Mon, 30 Aug 2021 14:31:07 GMT
server: envoy
Via: HTTP/2 edgeproxy, 1.1 google
Alt-Svc: clear
Transfer-Encoding: chunked

{
    "collaborative": false,
    "description": "New playlist description",
    "external_urls": {
        "spotify": "https://open.spotify.com/playlist/6x2HzeHMDaoNb76C7J3jFe"
    },
    "followers": {
        "href": null,
        "total": 0
    },
    "href": "https://api.spotify.com/v1/playlists/6x2HzeHMDaoNb76C7J3jFe",
    "id": "6x2HzeHMDaoNb76C7J3jFe",
    "images": [
        
    ],
    "name": "Mehul Automation Playlist",
    "owner": {
        "display_name": "Mehul Jain",
        "external_urls": {
            "spotify": "https://open.spotify.com/user/h6iftu560uhm7y85jis3kd9nn"
        },
        "href": "https://api.spotify.com/v1/users/h6iftu560uhm7y85jis3kd9nn",
        "id": "h6iftu560uhm7y85jis3kd9nn",
        "type": "user",
        "uri": "spotify:user:h6iftu560uhm7y85jis3kd9nn"
    },
    "primary_color": null,
    "public": false,
    "snapshot_id": "MSw3OTRhYmUzYjkxOGYwOWViMDRiYjdjMWE1OGNkYzQwN2RkNDc0ZDVj",
    "tracks": {
        "href": "https://api.spotify.com/v1/playlists/6x2HzeHMDaoNb76C7J3jFe/tracks",
        "items": [
            
        ],
        "limit": 100,
        "next": null,
        "offset": 0,
        "previous": null,
        "total": 0
    },
    "type": "playlist",
    "uri": "spotify:playlist:6x2HzeHMDaoNb76C7J3jFe"
}
HTTP/1.1 200 OK
content-type: application/json; charset=utf-8
cache-control: public, max-age=0
etag: "MC-IjJhMjNjMjg4ZjgwZmU5NjI2ZTQwYWRmNTVkZTU1NzkzIg=="
x-robots-tag: noindex, nofollow
access-control-allow-origin: *
access-control-allow-headers: Accept, App-Platform, Authorization, Content-Type, Origin, Retry-After, Spotify-App-Version, X-Cloud-Trace-Context, client-token, content-access-token
access-control-allow-methods: GET, POST, OPTIONS, PUT, DELETE, PATCH
access-control-allow-credentials: true
access-control-max-age: 604800
content-encoding: gzip
strict-transport-security: max-age=31536000
x-content-type-options: nosniff
date: Mon, 30 Aug 2021 14:31:07 GMT
server: envoy
Via: HTTP/2 edgeproxy, 1.1 google
Alt-Svc: clear
Transfer-Encoding: chunked

{
    "collaborative": false,
    "description": "Updated playlist description",
    "external_urls": {
        "spotify": "https://open.spotify.com/playlist/5aFRcvxTgyE4o00lFN4Gdi"
    },
    "followers": {
        "href": null,
        "total": 0
    },
    "href": "https://api.spotify.com/v1/playlists/5aFRcvxTgyE4o00lFN4Gdi",
    "id": "5aFRcvxTgyE4o00lFN4Gdi",
    "images": [
        
    ],
    "name": "Updated Playlist Name",
    "owner": {
        "display_name": "Mehul Jain",
        "external_urls": {
            "spotify": "https://open.spotify.com/user/h6iftu560uhm7y85jis3kd9nn"
        },
        "href": "https://api.spotify.com/v1/users/h6iftu560uhm7y85jis3kd9nn",
        "id": "h6iftu560uhm7y85jis3kd9nn",
        "type": "user",
        "uri": "spotify:user:h6iftu560uhm7y85jis3kd9nn"
    },
    "primary_color": null,
    "public": false,
    "snapshot_id": "NSxhNGI4MzUzNjYyY2I2NmUzNTYwMDM1Y2JmNTNlNGI2Y2MyODhiM2Rl",
    "tracks": {
        "href": "https://api.spotify.com/v1/playlists/5aFRcvxTgyE4o00lFN4Gdi/tracks?offset=0&limit=100",
        "items": [
            
        ],
        "limit": 100,
        "next": null,
        "offset": 0,
        "previous": null,
        "total": 0
    },
    "type": "playlist",
    "uri": "spotify:playlist:5aFRcvxTgyE4o00lFN4Gdi"
}
]]></system-out>
    <system-err><![CDATA[SLF4J: Failed to load class "org.slf4j.impl.StaticLoggerBinder".
SLF4J: Defaulting to no-operation (NOP) logger implementation
SLF4J: See http://www.slf4j.org/codes.html#StaticLoggerBinder for further details.
]]></system-err>
  </testcase>
  <testcase name="shouldNotBeAbleToCreatePlaylist" classname="com.spotify.oauth2.tests.PlaylistDirectTests" time="0.723">
    <system-out><![CDATA[Starting TestshouldBeAbleToCreatePlaylist
Thread Id21
Starting TestshouldNotBeAbleToCreatePlaylist
Thread Id25
Starting TestupdateAPlaylist
Request method:	POST
Request URI:	https://api.spotify.com/v1/users/h6iftu560uhm7y85jis3kd9nn/playlists
Proxy:			<none>
Request params:	<none>
Query params:	<none>
Form params:	<none>
Path params:	<none>
Headers:		Authorization=Bearer BQCcDSEZh8sUCgU8fRpxezDl6xEGHsZSgOsUewMdxwAzGWNZ2l00LzT9thgxN_aRVBavphohFQhf7rSyEhJqF9n0v_XzrRc_-WDHQjqV53NlYeh4kU9bPNXqMIwYr0doxvNwElzhdQbranAdaYndAnFMUtmU1UfeJmkQJS-OYazPX8_foA0eshSxufsooom_PmuraSgySEmYI0lTA7tibtH8_kFsgmc7sx55fFBq5Q_0
				Accept=*/*
				Content-Type=application/json; charset=UTF-8
Cookies:		<none>
Multiparts:		<none>
Body:
{
    "description": "Desc. Via Bulider",
    "name": "Creating Playlist Via Pojo Builder",
    "public": false
}
Thread Id22
Request method:	PUT
Request URI:	https://api.spotify.com/v1/playlists/2s7W6T7VNiUXgGITldoian
Proxy:			<none>
Request params:	<none>
Query params:	<none>
Form params:	<none>
Path params:	<none>
Headers:		Authorization=Bearer BQCcDSEZh8sUCgU8fRpxezDl6xEGHsZSgOsUewMdxwAzGWNZ2l00LzT9thgxN_aRVBavphohFQhf7rSyEhJqF9n0v_XzrRc_-WDHQjqV53NlYeh4kU9bPNXqMIwYr0doxvNwElzhdQbranAdaYndAnFMUtmU1UfeJmkQJS-OYazPX8_foA0eshSxufsooom_PmuraSgySEmYI0lTA7tibtH8_kFsgmc7sx55fFBq5Q_0
				Accept=*/*
				Content-Type=application/json; charset=UTF-8
Cookies:		<none>
Multiparts:		<none>
Body:
{
    "description": "Desc.Update Via Pojo",
    "name": "Updating Playlist Via Pojo",
    "public": false
}
Request method:	POST
Request URI:	https://api.spotify.com/v1/users/h6iftu560uhm7y85jis3kd9nn/playlists
Proxy:			<none>
Request params:	<none>
Query params:	<none>
Form params:	<none>
Path params:	<none>
Headers:		Authorization=Bearer BQCcDSEZh8sUCgU8fRpxezDl6xEGHsZSgOsUewMdxwAzGWNZ2l00LzT9thgxN_aRVBavphohFQhf7rSyEhJqF9n0v_XzrRc_-WDHQjqV53NlYeh4kU9bPNXqMIwYr0doxvNwElzhdQbranAdaYndAnFMUtmU1UfeJmkQJS-OYazPX8_foA0eshSxufsooom_PmuraSgySEmYI0lTA7tibtH8_kFsgmc7sx55fFBq5Q_0
				Accept=*/*
				Content-Type=application/json; charset=UTF-8
Cookies:		<none>
Multiparts:		<none>
Body:
{
    "description": "Desc.Update Via Pojo",
    "name": "",
    "public": false
}
Request method:	POST
Request URI:	https://api.spotify.com/v1/users/h6iftu560uhm7y85jis3kd9nn/playlists
Proxy:			<none>
Request params:	<none>
Query params:	<none>
Form params:	<none>
Path params:	<none>
Headers:		Authorization=Bearer BQCcDSEZh8sUCgU8fRpxezDl6xEGHsZSgOsUewMdxwAzGWNZ2l00LzT9thgxN_aRVBavphohFQhf7rSyEhJqF9n0v_XzrRc_-WDHQjqV53NlYeh4kU9bPNXqMIwYr0doxvNwElzhdQbranAdaYndAnFMUtmU1UfeJmkQJS-OYazPX8_foA0eshSxufsooom_PmuraSgySEmYI0lTA7tibtH8_kFsgmc7sx55fFBq5Q_0
				Accept=*/*
				Content-Type=application/json; charset=UTF-8
Cookies:		<none>
Multiparts:		<none>
Body:
{
    "description": "Desc. Via Pojo",
    "name": "Creating Playlist Via Pojo",
    "public": false
}
Request method:	POST
Request URI:	https://api.spotify.com/v1/users/h6iftu560uhm7y85jis3kd9nn/playlists
Proxy:			<none>
Request params:	<none>
Query params:	<none>
Form params:	<none>
Path params:	<none>
Headers:		Authorization=Bearer BQCcDSEZh8sUCgU8fRpxezDl6xEGHsZSgOsUewMdxwAzGWNZ2l00LzT9thgxN_aRVBavphohFQhf7rSyEhJqF9n0v_XzrRc_-WDHQjqV53NlYeh4kU9bPNXqMIwYr0doxvNwElzhdQbranAdaYndAnFMUtmU1UfeJmkQJS-OYazPX8_foA0eshSxufsooom_PmuraSgySEmYI0lTA7tibtH8_kFsgmc7sx55fFBq5Q_0
				Accept=*/*
				Content-Type=application/json; charset=UTF-8
Cookies:		<none>
Multiparts:		<none>
Body:
{
    "description": "Desc.Update Via Pojo",
    "name": "",
    "public": false
}
Request method:	PUT
Request URI:	https://api.spotify.com/v1/playlists/2s7W6T7VNiUXgGITldoian
Proxy:			<none>
Request params:	<none>
Query params:	<none>
Form params:	<none>
Path params:	<none>
Headers:		Authorization=Bearer BQCcDSEZh8sUCgU8fRpxezDl6xEGHsZSgOsUewMdxwAzGWNZ2l00LzT9thgxN_aRVBavphohFQhf7rSyEhJqF9n0v_XzrRc_-WDHQjqV53NlYeh4kU9bPNXqMIwYr0doxvNwElzhdQbranAdaYndAnFMUtmU1UfeJmkQJS-OYazPX8_foA0eshSxufsooom_PmuraSgySEmYI0lTA7tibtH8_kFsgmc7sx55fFBq5Q_0
				Accept=*/*
				Content-Type=application/json; charset=UTF-8
Cookies:		<none>
Multiparts:		<none>
Body:
{
    "description": "Desc.Update Via Pojo",
    "name": "Updating Playlist Via Pojo",
    "public": false
}
]]></system-out>
  </testcase>
  <testcase name="shouldBeAbleToCreatePlaylist" classname="com.spotify.oauth2.tests.PlaylistDirectTests" time="0.878"/>
  <testcase name="getAPlaylists" classname="com.spotify.oauth2.tests.PlaylistDirectTests" time="0.878"/>
  <testcase name="updateAPlaylist" classname="com.spotify.oauth2.tests.PlaylistViaGenericMethodsTests" time="6.711"/>
  <testcase name="shouldNotBeAbleToCreatePlaylist" classname="com.spotify.oauth2.tests.PlaylistViaGenericMethodsTests" time="0.202"/>
  <testcase name="getAPlaylists" classname="com.spotify.oauth2.tests.PlaylistViaGenericMethodsTests" time="0.005"/>
  <testcase name="shouldBeAbleToCreatePlaylist" classname="com.spotify.oauth2.tests.PlaylistViaGenericMethodsTests" time="0.009"/>
  <testcase name="shouldNotBeAbleToCreatePlaylist" classname="com.spotify.oauth2.tests.PlaylistViaPojoAndBuilderPatternAndSeperateSpecBuilderClassTests" time="0.201">
    <system-out><![CDATA[HTTP/1.1 400 Bad Request
content-type: application/json; charset=utf-8
cache-control: private, max-age=0
x-robots-tag: noindex, nofollow
access-control-allow-origin: *
access-control-allow-headers: Accept, App-Platform, Authorization, Content-Type, Origin, Retry-After, Spotify-App-Version, X-Cloud-Trace-Context, client-token, content-access-token
access-control-allow-methods: GET, POST, OPTIONS, PUT, DELETE, PATCH
access-control-allow-credentials: true
access-control-max-age: 604800
content-encoding: gzip
strict-transport-security: max-age=31536000
x-content-type-options: nosniff
date: Mon, 30 Aug 2021 14:31:07 GMT
server: envoy
Via: HTTP/2 edgeproxy, 1.1 google
Alt-Svc: clear
Transfer-Encoding: chunked

{
    "error": {
        "status": 400,
        "message": "Missing required field: name"
    }
}
HTTP/1.1 400 Bad Request
content-type: application/json; charset=utf-8
cache-control: private, max-age=0
x-robots-tag: noindex, nofollow
access-control-allow-origin: *
access-control-allow-headers: Accept, App-Platform, Authorization, Content-Type, Origin, Retry-After, Spotify-App-Version, X-Cloud-Trace-Context, client-token, content-access-token
access-control-allow-methods: GET, POST, OPTIONS, PUT, DELETE, PATCH
access-control-allow-credentials: true
access-control-max-age: 604800
content-encoding: gzip
strict-transport-security: max-age=31536000
x-content-type-options: nosniff
date: Mon, 30 Aug 2021 14:31:07 GMT
server: envoy
Via: HTTP/2 edgeproxy, 1.1 google
Alt-Svc: clear
Transfer-Encoding: chunked

{
    "error": {
        "status": 400,
        "message": "Missing required field: name"
    }
}
HTTP/1.1 201 Created
content-type: application/json; charset=utf-8
cache-control: private, max-age=0
location: https://api.spotify.com/v1/playlists/3RNlv2nu7Qx6pvXTiC0f1N
x-robots-tag: noindex, nofollow
access-control-allow-origin: *
access-control-allow-headers: Accept, App-Platform, Authorization, Content-Type, Origin, Retry-After, Spotify-App-Version, X-Cloud-Trace-Context, client-token, content-access-token
access-control-allow-methods: GET, POST, OPTIONS, PUT, DELETE, PATCH
access-control-allow-credentials: true
access-control-max-age: 604800
content-encoding: gzip
strict-transport-security: max-age=31536000
x-content-type-options: nosniff
date: Mon, 30 Aug 2021 14:31:07 GMT
server: envoy
Via: HTTP/2 edgeproxy, 1.1 google
Alt-Svc: clear
Transfer-Encoding: chunked

{
    "collaborative": false,
    "description": "Desc. D3Qf_iv,9 n  c - 25",
    "external_urls": {
        "spotify": "https://open.spotify.com/playlist/3RNlv2nu7Qx6pvXTiC0f1N"
    },
    "followers": {
        "href": null,
        "total": 0
    },
    "href": "https://api.spotify.com/v1/playlists/3RNlv2nu7Qx6pvXTiC0f1N",
    "id": "3RNlv2nu7Qx6pvXTiC0f1N",
    "images": [
        
    ],
    "name": "Playlist_-Cf_44-f_",
    "owner": {
        "display_name": "Mehul Jain",
        "external_urls": {
            "spotify": "https://open.spotify.com/user/h6iftu560uhm7y85jis3kd9nn"
        },
        "href": "https://api.spotify.com/v1/users/h6iftu560uhm7y85jis3kd9nn",
        "id": "h6iftu560uhm7y85jis3kd9nn",
        "type": "user",
        "uri": "spotify:user:h6iftu560uhm7y85jis3kd9nn"
    },
    "primary_color": null,
    "public": false,
    "snapshot_id": "MSxhNWFiMGQ0ZGUyNmM0MGZjZDkxMzJkODAwYmQ3NjNhNWVmNTkxNzcz",
    "tracks": {
        "href": "https://api.spotify.com/v1/playlists/3RNlv2nu7Qx6pvXTiC0f1N/tracks",
        "items": [
            
        ],
        "limit": 100,
        "next": null,
        "offset": 0,
        "previous": null,
        "total": 0
    },
    "type": "playlist",
    "uri": "spotify:playlist:3RNlv2nu7Qx6pvXTiC0f1N"
}
HTTP/1.1 201 Created
content-type: application/json; charset=utf-8
cache-control: private, max-age=0
location: https://api.spotify.com/v1/playlists/2vwADy2ISmBRMemC0Egp69
x-robots-tag: noindex, nofollow
access-control-allow-origin: *
access-control-allow-headers: Accept, App-Platform, Authorization, Content-Type, Origin, Retry-After, Spotify-App-Version, X-Cloud-Trace-Context, client-token, content-access-token
access-control-allow-methods: GET, POST, OPTIONS, PUT, DELETE, PATCH
access-control-allow-credentials: true
access-control-max-age: 604800
content-encoding: gzip
strict-transport-security: max-age=31536000
x-content-type-options: nosniff
date: Mon, 30 Aug 2021 14:31:07 GMT
server: envoy
Via: HTTP/2 edgeproxy, 1.1 google
Alt-Svc: clear
Transfer-Encoding: chunked

{
    "collaborative": false,
    "description": "Desc. Via Bulider",
    "external_urls": {
        "spotify": "https://open.spotify.com/playlist/2vwADy2ISmBRMemC0Egp69"
    },
    "followers": {
        "href": null,
        "total": 0
    },
    "href": "https://api.spotify.com/v1/playlists/2vwADy2ISmBRMemC0Egp69",
    "id": "2vwADy2ISmBRMemC0Egp69",
    "images": [
        
    ],
    "name": "Creating Playlist Via Pojo Builder",
    "owner": {
        "display_name": "Mehul Jain",
        "external_urls": {
            "spotify": "https://open.spotify.com/user/h6iftu560uhm7y85jis3kd9nn"
        },
        "href": "https://api.spotify.com/v1/users/h6iftu560uhm7y85jis3kd9nn",
        "id": "h6iftu560uhm7y85jis3kd9nn",
        "type": "user",
        "uri": "spotify:user:h6iftu560uhm7y85jis3kd9nn"
    },
    "primary_color": null,
    "public": false,
    "snapshot_id": "MSw5ZmNjM2Q2ZDIzMzM4MzM5ZjliYzA1YjdjMTAxY2M1ZGIzODkxZDFh",
    "tracks": {
        "href": "https://api.spotify.com/v1/playlists/2vwADy2ISmBRMemC0Egp69/tracks",
        "items": [
            
        ],
        "limit": 100,
        "next": null,
        "offset": 0,
        "previous": null,
        "total": 0
    },
    "type": "playlist",
    "uri": "spotify:playlist:2vwADy2ISmBRMemC0Egp69"
}
Token is good to use
]]></system-out>
  </testcase>
  <testcase name="shouldBeAbleToCreatePlaylist" classname="com.spotify.oauth2.tests.PlaylistViaPojoAndBuilderPatternAndSeperateSpecBuilderClassTests" time="0.005">
    <system-out><![CDATA[Request method:	PUT
Request URI:	https://api.spotify.com/v1/playlists/2s7W6T7VNiUXgGITldoian
Proxy:			<none>
Request params:	<none>
Query params:	<none>
Form params:	<none>
Path params:	<none>
Headers:		Authorization=Bearer BQCcDSEZh8sUCgU8fRpxezDl6xEGHsZSgOsUewMdxwAzGWNZ2l00LzT9thgxN_aRVBavphohFQhf7rSyEhJqF9n0v_XzrRc_-WDHQjqV53NlYeh4kU9bPNXqMIwYr0doxvNwElzhdQbranAdaYndAnFMUtmU1UfeJmkQJS-OYazPX8_foA0eshSxufsooom_PmuraSgySEmYI0lTA7tibtH8_kFsgmc7sx55fFBq5Q_0
				Accept=*/*
				Content-Type=application/json; charset=UTF-8
Cookies:		<none>
Multiparts:		<none>
Body:
{
    "description": "Desc.Update Via Pojo",
    "name": "Updating Playlist Via Pojo",
    "public": false
}
]]></system-out>
  </testcase>
  <testcase name="updateAPlaylist" classname="com.spotify.oauth2.tests.PlaylistViaPojoAndBuilderPatternAndSeperateSpecBuilderClassTests" time="0.893"/>
  <testcase name="shouldNotBeAbleToCreatePlaylist" classname="com.spotify.oauth2.tests.PlaylistViaPojoAndBuilderPatternTests" time="0.789"/>
  <testcase name="updateAPlaylist" classname="com.spotify.oauth2.tests.PlaylistViaPojoAndBuilderPatternTests" time="0.789"/>
  <testcase name="shouldBeAbleToCreatePlaylist" classname="com.spotify.oauth2.tests.PlaylistViaPojoAndBuilderPatternTests" time="0.904"/>
  <testcase name="shouldNotBeAbleToCreatePlaylist" classname="com.spotify.oauth2.tests.PlaylistViaPojoTests" time="0.902"/>
  <testcase name="updateAPlaylist" classname="com.spotify.oauth2.tests.PlaylistViaPojoTests" time="0.951"/>
  <testcase name="shouldBeAbleToCreatePlaylist" classname="com.spotify.oauth2.tests.PlaylistViaPojoTests" time="1.067"/>
</testsuite>