<?xml version="1.0" encoding="UTF-8"?>
<testsuite xmlns:xsi="http://www.w3.org/2001/XMLSchema-instance" xsi:noNamespaceSchemaLocation="https://maven.apache.org/surefire/maven-surefire-plugin/xsd/surefire-test-report-3.0.xsd" version="3.0" name="TestSuite" time="15.815" tests="7" errors="0" skipped="0" failures="0">
  <properties>
[...]
</properties>
  <testcase name="shouldNotBeAbleToCreatePlaylist" classname="com.spotify.oauth2.tests.PlaylistViaPojoTests" time="7.111">
    <system-out><![CDATA[Renewing the token...
Request method:	POST
Request URI:	https://accounts.spotify.com/api/token
Proxy:			<none>
Request params:	<none>
Query params:	<none>
Form params:	refresh_token=AQAhJHsgFdtmWt5FLshuH0KlFIvQVNaXUZzg95NW6hZ2v4LEbS0wC9t976wzPSwx1EZ-GlOOeRayxGKaVYVcCaXsDagPfhYFdF3rlORU2mMtE946akwmOTwduPeIomSewf4
				grant_type=refresh_token
				client_secret=ce7a8db97f1f482b8d9413b49944f0e5
				client_id=3b3a26a5f3564412a0b77a730bac5a6e
Path params:	<none>
Headers:		Accept=*/*
				Content-Type=application/x-www-form-urlencoded; charset=ISO-8859-1
Cookies:		<none>
Multiparts:		<none>
Body:			<none>
HTTP/1.1 200 OK
date: Sun, 29 Aug 2021 18:15:33 GMT
content-type: application/json
vary: Accept-Encoding
set-cookie: __Host-device_id=AQAJi_68_c0-ytzuqb9_a2RWwsnUVC6XDlL0vUO_afwPukGpLnysMYLwLS07_RAlRM6xQw7P6qLt0Gn8t51wK_b1ZxdfW_z4p0U;Version=1;Path=/;Max-Age=2147483647;Secure;HttpOnly;SameSite=Lax
set-cookie: sp_tr=false;Version=1;Domain=accounts.spotify.com;Path=/;Secure;SameSite=Lax
sp-trace-id: c9182f8f70fbad53
content-encoding: gzip
strict-transport-security: max-age=31536000
x-content-type-options: nosniff
server: envoy
Via: HTTP/2 edgeproxy, 1.1 google
Alt-Svc: clear
Transfer-Encoding: chunked

{
    "access_token": "BQBDdKvfQFpWN_xd1hEW0TheKyKJlWIdpzGQd7E6U7M8qQhZpRuKZhY0FYmKsJOGFmkFBmU2C7-nKzdp1DH9QPnuZGvPfFqHNszp6o2AeyY8OuS8QbslLnNJa5y6rAFhCRpsuQMEgrulKDv1FoGhj3jH9-i5iPQPFKm-Qm4915GVrkPIh3q7jrgDJVH2pEExRF6Hi8omGC6xGTBjk6gGhVpWLM2qi4wV7yOaTospkIsi",
    "token_type": "Bearer",
    "expires_in": 3600,
    "scope": "playlist-read-private playlist-read-collaborative playlist-modify-private playlist-modify-public"
}
Starting TestupdateAPlaylist
Starting TestshouldNotBeAbleToCreatePlaylist
Starting TestgetAPlaylists
Thread Id19
Thread Id20
Thread Id17
Starting TestshouldBeAbleToCreatePlaylist
Thread Id18
Starting TestshouldNotBeAbleToCreatePlaylist
Starting TestshouldBeAbleToCreatePlaylist
Thread Id21
Thread Id22
Starting TestupdateAPlaylist
Thread Id23
Token is good to use
Request method:	GET
Request URI:	https://api.spotify.com/v1/playlists/5aFRcvxTgyE4o00lFN4Gdi
Proxy:			<none>
Request params:	<none>
Query params:	<none>
Form params:	<none>
Path params:	<none>
Headers:		Accept=*/*
				Content-Type=application/json; charset=UTF-8
Cookies:		<none>
Multiparts:		<none>
Body:			<none>
Token is good to use
Token is good to use
Token is good to use
Request method:	PUT
Request URI:	https://api.spotify.com/v1/playlists/2s7W6T7VNiUXgGITldoian
Proxy:			<none>
Request params:	<none>
Query params:	<none>
Form params:	<none>
Path params:	<none>
Headers:		Accept=*/*
				Content-Type=application/json; charset=UTF-8
Cookies:		<none>
Multiparts:		<none>
Body:
{
    "description": "Desc.2m_-3,I,,5E,_ _, __W",
    "name": "Playlist- Aq_A_X- ",
    "public": false
}
Request method:	PUT
Request URI:	https://api.spotify.com/v1/playlists/2s7W6T7VNiUXgGITldoian
Proxy:			<none>
Request params:	<none>
Query params:	<none>
Form params:	<none>
Path params:	<none>
Headers:		Authorization=Bearer BQBDdKvfQFpWN_xd1hEW0TheKyKJlWIdpzGQd7E6U7M8qQhZpRuKZhY0FYmKsJOGFmkFBmU2C7-nKzdp1DH9QPnuZGvPfFqHNszp6o2AeyY8OuS8QbslLnNJa5y6rAFhCRpsuQMEgrulKDv1FoGhj3jH9-i5iPQPFKm-Qm4915GVrkPIh3q7jrgDJVH2pEExRF6Hi8omGC6xGTBjk6gGhVpWLM2qi4wV7yOaTospkIsi
				Accept=*/*
				Content-Type=application/json; charset=UTF-8
Cookies:		<none>
Multiparts:		<none>
Body:
{
    "description": "Desc.Update Via Pojo",
    "name": "Updating Playlist Via Pojo",
    "public": false
}
Request method:	POST
Request URI:	https://api.spotify.com/v1/users/h6iftu560uhm7y85jis3kd9nn/playlists
Proxy:			<none>
Request params:	<none>
Query params:	<none>
Form params:	<none>
Path params:	<none>
Headers:		Accept=*/*
				Content-Type=application/json; charset=UTF-8
Cookies:		<none>
Multiparts:		<none>
Body:
{
    "description": "Desc. _P 9 qRC ,z l ___WY",
    "name": "",
    "public": false
}
Request method:	POST
Request URI:	https://api.spotify.com/v1/users/h6iftu560uhm7y85jis3kd9nn/playlists
Proxy:			<none>
Request params:	<none>
Query params:	<none>
Form params:	<none>
Path params:	<none>
Headers:		Authorization=Bearer BQBDdKvfQFpWN_xd1hEW0TheKyKJlWIdpzGQd7E6U7M8qQhZpRuKZhY0FYmKsJOGFmkFBmU2C7-nKzdp1DH9QPnuZGvPfFqHNszp6o2AeyY8OuS8QbslLnNJa5y6rAFhCRpsuQMEgrulKDv1FoGhj3jH9-i5iPQPFKm-Qm4915GVrkPIh3q7jrgDJVH2pEExRF6Hi8omGC6xGTBjk6gGhVpWLM2qi4wV7yOaTospkIsi
				Accept=*/*
				Content-Type=application/json; charset=UTF-8
Cookies:		<none>
Multiparts:		<none>
Body:
{
    "description": "Desc. Via Pojo",
    "name": "Creating Playlist Via Pojo",
    "public": false
}
Request method:	POST
Request URI:	https://api.spotify.com/v1/users/h6iftu560uhm7y85jis3kd9nn/playlists
Proxy:			<none>
Request params:	<none>
Query params:	<none>
Form params:	<none>
Path params:	<none>
Headers:		Accept=*/*
				Content-Type=application/json; charset=UTF-8
Cookies:		<none>
Multiparts:		<none>
Body:
{
    "description": "Desc.-0  T__-  _5_ r,L6_ ",
    "name": "Playlist6w--R _Y_ ",
    "public": false
}
Request method:	POST
Request URI:	https://api.spotify.com/v1/users/h6iftu560uhm7y85jis3kd9nn/playlists
Proxy:			<none>
Request params:	<none>
Query params:	<none>
Form params:	<none>
Path params:	<none>
Headers:		Authorization=Bearer BQBDdKvfQFpWN_xd1hEW0TheKyKJlWIdpzGQd7E6U7M8qQhZpRuKZhY0FYmKsJOGFmkFBmU2C7-nKzdp1DH9QPnuZGvPfFqHNszp6o2AeyY8OuS8QbslLnNJa5y6rAFhCRpsuQMEgrulKDv1FoGhj3jH9-i5iPQPFKm-Qm4915GVrkPIh3q7jrgDJVH2pEExRF6Hi8omGC6xGTBjk6gGhVpWLM2qi4wV7yOaTospkIsi
				Accept=*/*
				Content-Type=application/json; charset=UTF-8
Cookies:		<none>
Multiparts:		<none>
Body:
{
    "description": "Desc.Update Via Pojo",
    "name": "",
    "public": false
}
HTTP/1.1 200 OK
content-type: application/json; charset=utf-8
cache-control: public, max-age=0
etag: "MC-IjJhMjNjMjg4ZjgwZmU5NjI2ZTQwYWRmNTVkZTU1NzkzIg=="
x-robots-tag: noindex, nofollow
access-control-allow-origin: *
access-control-allow-headers: Accept, App-Platform, Authorization, Content-Type, Origin, Retry-After, Spotify-App-Version, X-Cloud-Trace-Context, client-token, content-access-token
access-control-allow-methods: GET, POST, OPTIONS, PUT, DELETE, PATCH
access-control-allow-credentials: true
access-control-max-age: 604800
content-encoding: gzip
strict-transport-security: max-age=31536000
x-content-type-options: nosniff
date: Sun, 29 Aug 2021 18:15:42 GMT
server: envoy
Via: HTTP/2 edgeproxy, 1.1 google
Alt-Svc: clear
Transfer-Encoding: chunked

{
    "collaborative": false,
    "description": "Updated playlist description",
    "external_urls": {
        "spotify": "https://open.spotify.com/playlist/5aFRcvxTgyE4o00lFN4Gdi"
    },
    "followers": {
        "href": null,
        "total": 0
    },
    "href": "https://api.spotify.com/v1/playlists/5aFRcvxTgyE4o00lFN4Gdi",
    "id": "5aFRcvxTgyE4o00lFN4Gdi",
    "images": [
        
    ],
    "name": "Updated Playlist Name",
    "owner": {
        "display_name": "Mehul Jain",
        "external_urls": {
            "spotify": "https://open.spotify.com/user/h6iftu560uhm7y85jis3kd9nn"
        },
        "href": "https://api.spotify.com/v1/users/h6iftu560uhm7y85jis3kd9nn",
        "id": "h6iftu560uhm7y85jis3kd9nn",
        "type": "user",
        "uri": "spotify:user:h6iftu560uhm7y85jis3kd9nn"
    },
    "primary_color": null,
    "public": false,
    "snapshot_id": "NSxhNGI4MzUzNjYyY2I2NmUzNTYwMDM1Y2JmNTNlNGI2Y2MyODhiM2Rl",
    "tracks": {
        "href": "https://api.spotify.com/v1/playlists/5aFRcvxTgyE4o00lFN4Gdi/tracks?offset=0&limit=100",
        "items": [
            
        ],
        "limit": 100,
        "next": null,
        "offset": 0,
        "previous": null,
        "total": 0
    },
    "type": "playlist",
    "uri": "spotify:playlist:5aFRcvxTgyE4o00lFN4Gdi"
}
HTTP/1.1 400 Bad Request
content-type: application/json; charset=utf-8
cache-control: private, max-age=0
x-robots-tag: noindex, nofollow
access-control-allow-origin: *
access-control-allow-headers: Accept, App-Platform, Authorization, Content-Type, Origin, Retry-After, Spotify-App-Version, X-Cloud-Trace-Context, client-token, content-access-token
access-control-allow-methods: GET, POST, OPTIONS, PUT, DELETE, PATCH
access-control-allow-credentials: true
access-control-max-age: 604800
content-encoding: gzip
strict-transport-security: max-age=31536000
x-content-type-options: nosniff
date: Sun, 29 Aug 2021 18:15:42 GMT
server: envoy
Via: HTTP/2 edgeproxy, 1.1 google
Alt-Svc: clear
Transfer-Encoding: chunked

{
    "error": {
        "status": 400,
        "message": "Missing required field: name"
    }
}
]]></system-out>
    <system-err><![CDATA[SLF4J: Failed to load class "org.slf4j.impl.StaticLoggerBinder".
SLF4J: Defaulting to no-operation (NOP) logger implementation
SLF4J: See http://www.slf4j.org/codes.html#StaticLoggerBinder for further details.
]]></system-err>
  </testcase>
  <testcase name="shouldBeAbleToCreatePlaylist" classname="com.spotify.oauth2.tests.PlaylistViaPojoTests" time="7.221"/>
  <testcase name="updateAPlaylist" classname="com.spotify.oauth2.tests.PlaylistViaPojoTests" time="7.353"/>
  <testcase name="shouldNotBeAbleToCreatePlaylist" classname="com.spotify.oauth2.tests.PlaylistViaGenericMethodsTests" time="7.112"/>
  <testcase name="getAPlaylists" classname="com.spotify.oauth2.tests.PlaylistViaGenericMethodsTests" time="7.205"/>
  <testcase name="updateAPlaylist" classname="com.spotify.oauth2.tests.PlaylistViaGenericMethodsTests" time="7.242"/>
  <testcase name="shouldBeAbleToCreatePlaylist" classname="com.spotify.oauth2.tests.PlaylistViaGenericMethodsTests" time="7.311">
    <system-out><![CDATA[HTTP/1.1 201 Created
content-type: application/json; charset=utf-8
cache-control: private, max-age=0
location: https://api.spotify.com/v1/playlists/3QOzp1BPpHYIF7DC4yh2OH
x-robots-tag: noindex, nofollow
access-control-allow-origin: *
access-control-allow-headers: Accept, App-Platform, Authorization, Content-Type, Origin, Retry-After, Spotify-App-Version, X-Cloud-Trace-Context, client-token, content-access-token
access-control-allow-methods: GET, POST, OPTIONS, PUT, DELETE, PATCH
access-control-allow-credentials: true
access-control-max-age: 604800
content-encoding: gzip
strict-transport-security: max-age=31536000
x-content-type-options: nosniff
date: Sun, 29 Aug 2021 18:15:42 GMT
server: envoy
Via: HTTP/2 edgeproxy, 1.1 google
Alt-Svc: clear
Transfer-Encoding: chunked

{
    "collaborative": false,
    "description": "Desc.-0  T__-  _5_ r,L6_ ",
    "external_urls": {
        "spotify": "https://open.spotify.com/playlist/3QOzp1BPpHYIF7DC4yh2OH"
    },
    "followers": {
        "href": null,
        "total": 0
    },
    "href": "https://api.spotify.com/v1/playlists/3QOzp1BPpHYIF7DC4yh2OH",
    "id": "3QOzp1BPpHYIF7DC4yh2OH",
    "images": [
        
    ],
    "name": "Playlist6w--R _Y_ ",
    "owner": {
        "display_name": "Mehul Jain",
        "external_urls": {
            "spotify": "https://open.spotify.com/user/h6iftu560uhm7y85jis3kd9nn"
        },
        "href": "https://api.spotify.com/v1/users/h6iftu560uhm7y85jis3kd9nn",
        "id": "h6iftu560uhm7y85jis3kd9nn",
        "type": "user",
        "uri": "spotify:user:h6iftu560uhm7y85jis3kd9nn"
    },
    "primary_color": null,
    "public": false,
    "snapshot_id": "MSwwYWE0YmI2NGYzYzRjNjZlNjhiOWE1MjY3ZGQ2ZjM2YzQwODk4ODFl",
    "tracks": {
        "href": "https://api.spotify.com/v1/playlists/3QOzp1BPpHYIF7DC4yh2OH/tracks",
        "items": [
            
        ],
        "limit": 100,
        "next": null,
        "offset": 0,
        "previous": null,
        "total": 0
    },
    "type": "playlist",
    "uri": "spotify:playlist:3QOzp1BPpHYIF7DC4yh2OH"
}
]]></system-out>
  </testcase>
</testsuite>