<?xml version="1.0" encoding="UTF-8"?>
<testng-results skipped="0" failed="0" ignored="0" total="3" passed="3">
  <reporter-output>
  </reporter-output>
  <suite name="Default suite" duration-ms="29572" started-at="2021-08-30T14:26:50Z" finished-at="2021-08-30T14:27:20Z">
    <groups>
    </groups>
    <test name="Default test" duration-ms="29572" started-at="2021-08-30T14:26:50Z" finished-at="2021-08-30T14:27:20Z">
      <class name="com.spotify.oauth2.tests.PlaylistViaPojoAndBuilderPatternAndSeperateSpecBuilderClassTests">
        <test-method status="PASS" signature="shouldBeAbleToCreatePlaylist()[pri:0, instance:com.spotify.oauth2.tests.PlaylistViaPojoAndBuilderPatternAndSeperateSpecBuilderClassTests@51bde877]" name="shouldBeAbleToCreatePlaylist" duration-ms="17800" started-at="2021-08-30T14:26:50Z" finished-at="2021-08-30T14:27:08Z">
          <reporter-output>
          </reporter-output>
        </test-method> <!-- shouldBeAbleToCreatePlaylist -->
        <test-method status="PASS" signature="shouldNotBeAbleToCreatePlaylist()[pri:0, instance:com.spotify.oauth2.tests.PlaylistViaPojoAndBuilderPatternAndSeperateSpecBuilderClassTests@51bde877]" name="shouldNotBeAbleToCreatePlaylist" duration-ms="5756" started-at="2021-08-30T14:27:08Z" finished-at="2021-08-30T14:27:14Z">
          <reporter-output>
          </reporter-output>
        </test-method> <!-- shouldNotBeAbleToCreatePlaylist -->
        <test-method status="PASS" signature="updateAPlaylist()[pri:0, instance:com.spotify.oauth2.tests.PlaylistViaPojoAndBuilderPatternAndSeperateSpecBuilderClassTests@51bde877]" name="updateAPlaylist" duration-ms="5894" started-at="2021-08-30T14:27:14Z" finished-at="2021-08-30T14:27:20Z">
          <reporter-output>
          </reporter-output>
        </test-method> <!-- updateAPlaylist -->
      </class> <!-- com.spotify.oauth2.tests.PlaylistViaPojoAndBuilderPatternAndSeperateSpecBuilderClassTests -->
    </test> <!-- Default test -->
  </suite> <!-- Default suite -->
</testng-results>
